This is pdfTeX, Version 3.141592653-2.6-1.40.23 (TeX Live 2021/W32TeX) (preloaded format=pdflatex 2021.8.24)  10 OCT 2021 22:49
entering extended mode
 restricted \write18 enabled.
 %&-line parsing enabled.
**report.tex
(./report.tex
LaTeX2e <2021-06-01> patch level 1
L3 programming layer <2021-07-12>
(c:/Users/USUARIO/AppData/Roaming/TinyTeX/texmf-dist/tex/latex/base/article.cls
Document Class: article 2021/02/12 v1.4n Standard LaTeX document class
(c:/Users/USUARIO/AppData/Roaming/TinyTeX/texmf-dist/tex/latex/base/size10.clo
File: size10.clo 2021/02/12 v1.4n Standard LaTeX file (size option)
)
\c@part=\count182
\c@section=\count183
\c@subsection=\count184
\c@subsubsection=\count185
\c@paragraph=\count186
\c@subparagraph=\count187
\c@figure=\count188
\c@table=\count189
\abovecaptionskip=\skip47
\belowcaptionskip=\skip48
\bibindent=\dimen138
)
(c:/Users/USUARIO/AppData/Roaming/TinyTeX/texmf-dist/tex/latex/amsmath/amsmath.
sty
Package: amsmath 2021/04/20 v2.17j AMS math features
\@mathmargin=\skip49
For additional information on amsmath, use the `?' option.

(c:/Users/USUARIO/AppData/Roaming/TinyTeX/texmf-dist/tex/latex/amsmath/amstext.
sty
Package: amstext 2000/06/29 v2.01 AMS text

(c:/Users/USUARIO/AppData/Roaming/TinyTeX/texmf-dist/tex/latex/amsmath/amsgen.s
ty
File: amsgen.sty 1999/11/30 v2.0 generic functions
\@emptytoks=\toks16
\ex@=\dimen139
))
(c:/Users/USUARIO/AppData/Roaming/TinyTeX/texmf-dist/tex/latex/amsmath/amsbsy.s
ty
Package: amsbsy 1999/11/29 v1.2d Bold Symbols
\pmbraise@=\dimen140
)
(c:/Users/USUARIO/AppData/Roaming/TinyTeX/texmf-dist/tex/latex/amsmath/amsopn.s
ty
Package: amsopn 2016/03/08 v2.02 operator names
)
\inf@bad=\count190
LaTeX Info: Redefining \frac on input line 234.
\uproot@=\count191
\leftroot@=\count192
LaTeX Info: Redefining \overline on input line 399.
\classnum@=\count193
\DOTSCASE@=\count194
LaTeX Info: Redefining \ldots on input line 496.
LaTeX Info: Redefining \dots on input line 499.
LaTeX Info: Redefining \cdots on input line 620.
\Mathstrutbox@=\box50
\strutbox@=\box51
\big@size=\dimen141
LaTeX Font Info:    Redeclaring font encoding OML on input line 743.
LaTeX Font Info:    Redeclaring font encoding OMS on input line 744.
\macc@depth=\count195
\c@MaxMatrixCols=\count196
\dotsspace@=\muskip16
\c@parentequation=\count197
\dspbrk@lvl=\count198
\tag@help=\toks17
\row@=\count199
\column@=\count266
\maxfields@=\count267
\andhelp@=\toks18
\eqnshift@=\dimen142
\alignsep@=\dimen143
\tagshift@=\dimen144
\tagwidth@=\dimen145
\totwidth@=\dimen146
\lineht@=\dimen147
\@envbody=\toks19
\multlinegap=\skip50
\multlinetaggap=\skip51
\mathdisplay@stack=\toks20
LaTeX Info: Redefining \[ on input line 2923.
LaTeX Info: Redefining \] on input line 2924.
)
(c:/Users/USUARIO/AppData/Roaming/TinyTeX/texmf-dist/tex/latex/amsfonts/amssymb
.sty
Package: amssymb 2013/01/14 v3.01 AMS font symbols

(c:/Users/USUARIO/AppData/Roaming/TinyTeX/texmf-dist/tex/latex/amsfonts/amsfont
s.sty
Package: amsfonts 2013/01/14 v3.01 Basic AMSFonts support
\symAMSa=\mathgroup4
\symAMSb=\mathgroup5
LaTeX Font Info:    Redeclaring math symbol \hbar on input line 98.
LaTeX Font Info:    Overwriting math alphabet `\mathfrak' in version `bold'
(Font)                  U/euf/m/n --> U/euf/b/n on input line 106.
)) (c:/Users/USUARIO/AppData/Roaming/TinyTeX/texmf-dist/tex/latex/lm/lmodern.st
y
Package: lmodern 2015/05/01 v1.6.1 Latin Modern Fonts
LaTeX Font Info:    Overwriting symbol font `operators' in version `normal'
(Font)                  OT1/cmr/m/n --> OT1/lmr/m/n on input line 22.
LaTeX Font Info:    Overwriting symbol font `letters' in version `normal'
(Font)                  OML/cmm/m/it --> OML/lmm/m/it on input line 23.
LaTeX Font Info:    Overwriting symbol font `symbols' in version `normal'
(Font)                  OMS/cmsy/m/n --> OMS/lmsy/m/n on input line 24.
LaTeX Font Info:    Overwriting symbol font `largesymbols' in version `normal'
(Font)                  OMX/cmex/m/n --> OMX/lmex/m/n on input line 25.
LaTeX Font Info:    Overwriting symbol font `operators' in version `bold'
(Font)                  OT1/cmr/bx/n --> OT1/lmr/bx/n on input line 26.
LaTeX Font Info:    Overwriting symbol font `letters' in version `bold'
(Font)                  OML/cmm/b/it --> OML/lmm/b/it on input line 27.
LaTeX Font Info:    Overwriting symbol font `symbols' in version `bold'
(Font)                  OMS/cmsy/b/n --> OMS/lmsy/b/n on input line 28.
LaTeX Font Info:    Overwriting symbol font `largesymbols' in version `bold'
(Font)                  OMX/cmex/m/n --> OMX/lmex/m/n on input line 29.
LaTeX Font Info:    Overwriting math alphabet `\mathbf' in version `normal'
(Font)                  OT1/cmr/bx/n --> OT1/lmr/bx/n on input line 31.
LaTeX Font Info:    Overwriting math alphabet `\mathsf' in version `normal'
(Font)                  OT1/cmss/m/n --> OT1/lmss/m/n on input line 32.
LaTeX Font Info:    Overwriting math alphabet `\mathit' in version `normal'
(Font)                  OT1/cmr/m/it --> OT1/lmr/m/it on input line 33.
LaTeX Font Info:    Overwriting math alphabet `\mathtt' in version `normal'
(Font)                  OT1/cmtt/m/n --> OT1/lmtt/m/n on input line 34.
LaTeX Font Info:    Overwriting math alphabet `\mathbf' in version `bold'
(Font)                  OT1/cmr/bx/n --> OT1/lmr/bx/n on input line 35.
LaTeX Font Info:    Overwriting math alphabet `\mathsf' in version `bold'
(Font)                  OT1/cmss/bx/n --> OT1/lmss/bx/n on input line 36.
LaTeX Font Info:    Overwriting math alphabet `\mathit' in version `bold'
(Font)                  OT1/cmr/bx/it --> OT1/lmr/bx/it on input line 37.
LaTeX Font Info:    Overwriting math alphabet `\mathtt' in version `bold'
(Font)                  OT1/cmtt/m/n --> OT1/lmtt/m/n on input line 38.
)
(c:/Users/USUARIO/AppData/Roaming/TinyTeX/texmf-dist/tex/generic/iftex/ifxetex.
sty
Package: ifxetex 2019/10/25 v0.7 ifxetex legacy package. Use iftex instead.

(c:/Users/USUARIO/AppData/Roaming/TinyTeX/texmf-dist/tex/generic/iftex/iftex.st
y
Package: iftex 2020/03/06 v1.0d TeX engine tests
))
(c:/Users/USUARIO/AppData/Roaming/TinyTeX/texmf-dist/tex/generic/iftex/ifluatex
.sty
Package: ifluatex 2019/10/25 v1.5 ifluatex legacy package. Use iftex instead.
)
(c:/Users/USUARIO/AppData/Roaming/TinyTeX/texmf-dist/tex/latex/base/fontenc.sty
Package: fontenc 2021/04/29 v2.0v Standard LaTeX package
LaTeX Font Info:    Trying to load font information for T1+lmr on input line 11
2.
(c:/Users/USUARIO/AppData/Roaming/TinyTeX/texmf-dist/tex/latex/lm/t1lmr.fd
File: t1lmr.fd 2015/05/01 v1.6.1 Font defs for Latin Modern
))
(c:/Users/USUARIO/AppData/Roaming/TinyTeX/texmf-dist/tex/latex/base/inputenc.st
y
Package: inputenc 2021/02/14 v1.3d Input encoding file
\inpenc@prehook=\toks21
\inpenc@posthook=\toks22
)
(c:/Users/USUARIO/AppData/Roaming/TinyTeX/texmf-dist/tex/latex/base/textcomp.st
y
Package: textcomp 2020/02/02 v2.0n Standard LaTeX package
)
(c:/Users/USUARIO/AppData/Roaming/TinyTeX/texmf-dist/tex/latex/xcolor/xcolor.st
y
Package: xcolor 2016/05/11 v2.12 LaTeX color extensions (UK)

(c:/Users/USUARIO/AppData/Roaming/TinyTeX/texmf-dist/tex/latex/graphics-cfg/col
or.cfg
File: color.cfg 2016/01/02 v1.6 sample color configuration
)
Package xcolor Info: Driver file: pdftex.def on input line 225.

(c:/Users/USUARIO/AppData/Roaming/TinyTeX/texmf-dist/tex/latex/graphics-def/pdf
tex.def
File: pdftex.def 2020/10/05 v1.2a Graphics/color driver for pdftex
)
Package xcolor Info: Model `cmy' substituted by `cmy0' on input line 1348.
Package xcolor Info: Model `hsb' substituted by `rgb' on input line 1352.
Package xcolor Info: Model `RGB' extended on input line 1364.
Package xcolor Info: Model `HTML' substituted by `rgb' on input line 1366.
Package xcolor Info: Model `Hsb' substituted by `hsb' on input line 1367.
Package xcolor Info: Model `tHsb' substituted by `hsb' on input line 1368.
Package xcolor Info: Model `HSB' substituted by `hsb' on input line 1369.
Package xcolor Info: Model `Gray' substituted by `gray' on input line 1370.
Package xcolor Info: Model `wave' substituted by `hsb' on input line 1371.
)
(c:/Users/USUARIO/AppData/Roaming/TinyTeX/texmf-dist/tex/latex/hyperref/hyperre
f.sty
Package: hyperref 2021-06-07 v7.00m Hypertext links for LaTeX

(c:/Users/USUARIO/AppData/Roaming/TinyTeX/texmf-dist/tex/generic/ltxcmds/ltxcmd
s.sty
Package: ltxcmds 2020-05-10 v1.25 LaTeX kernel commands for general use (HO)
)
(c:/Users/USUARIO/AppData/Roaming/TinyTeX/texmf-dist/tex/generic/pdftexcmds/pdf
texcmds.sty
Package: pdftexcmds 2020-06-27 v0.33 Utility functions of pdfTeX for LuaTeX (HO
)

(c:/Users/USUARIO/AppData/Roaming/TinyTeX/texmf-dist/tex/generic/infwarerr/infw
arerr.sty
Package: infwarerr 2019/12/03 v1.5 Providing info/warning/error messages (HO)
)
Package pdftexcmds Info: \pdf@primitive is available.
Package pdftexcmds Info: \pdf@ifprimitive is available.
Package pdftexcmds Info: \pdfdraftmode found.
)
(c:/Users/USUARIO/AppData/Roaming/TinyTeX/texmf-dist/tex/latex/graphics/keyval.
sty
Package: keyval 2014/10/28 v1.15 key=value parser (DPC)
\KV@toks@=\toks23
)
(c:/Users/USUARIO/AppData/Roaming/TinyTeX/texmf-dist/tex/generic/kvsetkeys/kvse
tkeys.sty
Package: kvsetkeys 2019/12/15 v1.18 Key value parser (HO)
)
(c:/Users/USUARIO/AppData/Roaming/TinyTeX/texmf-dist/tex/generic/kvdefinekeys/k
vdefinekeys.sty
Package: kvdefinekeys 2019-12-19 v1.6 Define keys (HO)
)
(c:/Users/USUARIO/AppData/Roaming/TinyTeX/texmf-dist/tex/generic/pdfescape/pdfe
scape.sty
Package: pdfescape 2019/12/09 v1.15 Implements pdfTeX's escape features (HO)
)
(c:/Users/USUARIO/AppData/Roaming/TinyTeX/texmf-dist/tex/latex/hycolor/hycolor.
sty
Package: hycolor 2020-01-27 v1.10 Color options for hyperref/bookmark (HO)
)
(c:/Users/USUARIO/AppData/Roaming/TinyTeX/texmf-dist/tex/latex/letltxmacro/letl
txmacro.sty
Package: letltxmacro 2019/12/03 v1.6 Let assignment for LaTeX macros (HO)
)
(c:/Users/USUARIO/AppData/Roaming/TinyTeX/texmf-dist/tex/latex/auxhook/auxhook.
sty
Package: auxhook 2019-12-17 v1.6 Hooks for auxiliary files (HO)
)
(c:/Users/USUARIO/AppData/Roaming/TinyTeX/texmf-dist/tex/latex/kvoptions/kvopti
ons.sty
Package: kvoptions 2020-10-07 v3.14 Key value format for package options (HO)
)
\@linkdim=\dimen148
\Hy@linkcounter=\count268
\Hy@pagecounter=\count269

(c:/Users/USUARIO/AppData/Roaming/TinyTeX/texmf-dist/tex/latex/hyperref/pd1enc.
def
File: pd1enc.def 2021-06-07 v7.00m Hyperref: PDFDocEncoding definition (HO)
Now handling font encoding PD1 ...
... no UTF-8 mapping file for font encoding PD1
)
(c:/Users/USUARIO/AppData/Roaming/TinyTeX/texmf-dist/tex/latex/hyperref/hyperre
f-langpatches.def
File: hyperref-langpatches.def 2021-06-07 v7.00m Hyperref: patches for babel la
nguages
)
(c:/Users/USUARIO/AppData/Roaming/TinyTeX/texmf-dist/tex/generic/intcalc/intcal
c.sty
Package: intcalc 2019/12/15 v1.3 Expandable calculations with integers (HO)
)
(c:/Users/USUARIO/AppData/Roaming/TinyTeX/texmf-dist/tex/generic/etexcmds/etexc
mds.sty
Package: etexcmds 2019/12/15 v1.7 Avoid name clashes with e-TeX commands (HO)
)
\Hy@SavedSpaceFactor=\count270

(c:/Users/USUARIO/AppData/Roaming/TinyTeX/texmf-dist/tex/latex/hyperref/puenc.d
ef
File: puenc.def 2021-06-07 v7.00m Hyperref: PDF Unicode definition (HO)
Now handling font encoding PU ...
... no UTF-8 mapping file for font encoding PU
)
Package hyperref Info: Option `unicode' set `true' on input line 4073.
Package hyperref Info: Hyper figures OFF on input line 4192.
Package hyperref Info: Link nesting OFF on input line 4197.
Package hyperref Info: Hyper index ON on input line 4200.
Package hyperref Info: Plain pages OFF on input line 4207.
Package hyperref Info: Backreferencing OFF on input line 4212.
Package hyperref Info: Implicit mode ON; LaTeX internals redefined.
Package hyperref Info: Bookmarks ON on input line 4445.
\c@Hy@tempcnt=\count271
(c:/Users/USUARIO/AppData/Roaming/TinyTeX/texmf-dist/tex/latex/url/url.sty
\Urlmuskip=\muskip17
Package: url 2013/09/16  ver 3.4  Verb mode for urls, etc.
)
LaTeX Info: Redefining \url on input line 4804.
\XeTeXLinkMargin=\dimen149

(c:/Users/USUARIO/AppData/Roaming/TinyTeX/texmf-dist/tex/generic/bitset/bitset.
sty
Package: bitset 2019/12/09 v1.3 Handle bit-vector datatype (HO)

(c:/Users/USUARIO/AppData/Roaming/TinyTeX/texmf-dist/tex/generic/bigintcalc/big
intcalc.sty
Package: bigintcalc 2019/12/15 v1.5 Expandable calculations on big integers (HO
)
))
\Fld@menulength=\count272
\Field@Width=\dimen150
\Fld@charsize=\dimen151
Package hyperref Info: Hyper figures OFF on input line 6076.
Package hyperref Info: Link nesting OFF on input line 6081.
Package hyperref Info: Hyper index ON on input line 6084.
Package hyperref Info: backreferencing OFF on input line 6091.
Package hyperref Info: Link coloring OFF on input line 6096.
Package hyperref Info: Link coloring with OCG OFF on input line 6101.
Package hyperref Info: PDF/A mode OFF on input line 6106.
LaTeX Info: Redefining \ref on input line 6146.
LaTeX Info: Redefining \pageref on input line 6150.

(c:/Users/USUARIO/AppData/Roaming/TinyTeX/texmf-dist/tex/latex/base/atbegshi-lt
x.sty
Package: atbegshi-ltx 2021/01/10 v1.0c Emulation of the original atbegshi
package with kernel methods
)
\Hy@abspage=\count273
\c@Item=\count274
\c@Hfootnote=\count275
)
Package hyperref Info: Driver (autodetected): hpdftex.

(c:/Users/USUARIO/AppData/Roaming/TinyTeX/texmf-dist/tex/latex/hyperref/hpdftex
.def
File: hpdftex.def 2021-06-07 v7.00m Hyperref driver for pdfTeX

(c:/Users/USUARIO/AppData/Roaming/TinyTeX/texmf-dist/tex/latex/base/atveryend-l
tx.sty
Package: atveryend-ltx 2020/08/19 v1.0a Emulation of the original atvery packag
e
with kernel methods
)
\Fld@listcount=\count276
\c@bookmark@seq@number=\count277

(c:/Users/USUARIO/AppData/Roaming/TinyTeX/texmf-dist/tex/latex/rerunfilecheck/r
erunfilecheck.sty
Package: rerunfilecheck 2019/12/05 v1.9 Rerun checks for auxiliary files (HO)

(c:/Users/USUARIO/AppData/Roaming/TinyTeX/texmf-dist/tex/generic/uniquecounter/
uniquecounter.sty
Package: uniquecounter 2019/12/15 v1.4 Provide unlimited unique counter (HO)
)
Package uniquecounter Info: New unique counter `rerunfilecheck' on input line 2
86.
)
\Hy@SectionHShift=\skip52
)
(c:/Users/USUARIO/AppData/Roaming/TinyTeX/texmf-dist/tex/latex/geometry/geometr
y.sty
Package: geometry 2020/01/02 v5.9 Page Geometry

(c:/Users/USUARIO/AppData/Roaming/TinyTeX/texmf-dist/tex/generic/iftex/ifvtex.s
ty
Package: ifvtex 2019/10/25 v1.7 ifvtex legacy package. Use iftex instead.
)
\Gm@cnth=\count278
\Gm@cntv=\count279
\c@Gm@tempcnt=\count280
\Gm@bindingoffset=\dimen152
\Gm@wd@mp=\dimen153
\Gm@odd@mp=\dimen154
\Gm@even@mp=\dimen155
\Gm@layoutwidth=\dimen156
\Gm@layoutheight=\dimen157
\Gm@layouthoffset=\dimen158
\Gm@layoutvoffset=\dimen159
\Gm@dimlist=\toks24
)
(c:/Users/USUARIO/AppData/Roaming/TinyTeX/texmf-dist/tex/latex/fancyvrb/fancyvr
b.sty
Package: fancyvrb 2021/08/12 v3.8 verbatim text (tvz,hv)
\FV@CodeLineNo=\count281
\FV@InFile=\read2
\FV@TabBox=\box52
\c@FancyVerbLine=\count282
\FV@StepNumber=\count283
\FV@OutFile=\write3
)
(c:/Users/USUARIO/AppData/Roaming/TinyTeX/texmf-dist/tex/latex/framed/framed.st
y
Package: framed 2011/10/22 v 0.96: framed or shaded text with page breaks
\OuterFrameSep=\skip53
\fb@frw=\dimen160
\fb@frh=\dimen161
\FrameRule=\dimen162
\FrameSep=\dimen163
)
(c:/Users/USUARIO/AppData/Roaming/TinyTeX/texmf-dist/tex/latex/graphics/graphic
x.sty
Package: graphicx 2020/12/05 v1.2c Enhanced LaTeX Graphics (DPC,SPQR)

(c:/Users/USUARIO/AppData/Roaming/TinyTeX/texmf-dist/tex/latex/graphics/graphic
s.sty
Package: graphics 2021/03/04 v1.4d Standard LaTeX Graphics (DPC,SPQR)

(c:/Users/USUARIO/AppData/Roaming/TinyTeX/texmf-dist/tex/latex/graphics/trig.st
y
Package: trig 2016/01/03 v1.10 sin cos tan (DPC)
)
(c:/Users/USUARIO/AppData/Roaming/TinyTeX/texmf-dist/tex/latex/graphics-cfg/gra
phics.cfg
File: graphics.cfg 2016/06/04 v1.11 sample graphics configuration
)
Package graphics Info: Driver file: pdftex.def on input line 107.
)
\Gin@req@height=\dimen164
\Gin@req@width=\dimen165
)
(c:/Users/USUARIO/AppData/Roaming/TinyTeX/texmf-dist/tex/latex/l3backend/l3back
end-pdftex.def
File: l3backend-pdftex.def 2021-08-04 L3 backend support: PDF output (pdfTeX)
\l__color_backend_stack_int=\count284
\l__pdf_internal_box=\box53
) (./report.aux

LaTeX Warning: Label `fig:figs' multiply defined.


LaTeX Warning: Label `fig:figs' multiply defined.


LaTeX Warning: Label `fig:figs' multiply defined.


LaTeX Warning: Label `fig:figs' multiply defined.


LaTeX Warning: Label `fig:figs' multiply defined.


LaTeX Warning: Label `fig:figs' multiply defined.


LaTeX Warning: Label `fig:figs' multiply defined.

)
\openout1 = `report.aux'.

LaTeX Font Info:    Checking defaults for OML/cmm/m/it on input line 111.
LaTeX Font Info:    ... okay on input line 111.
LaTeX Font Info:    Checking defaults for OMS/cmsy/m/n on input line 111.
LaTeX Font Info:    ... okay on input line 111.
LaTeX Font Info:    Checking defaults for OT1/cmr/m/n on input line 111.
LaTeX Font Info:    ... okay on input line 111.
LaTeX Font Info:    Checking defaults for T1/cmr/m/n on input line 111.
LaTeX Font Info:    ... okay on input line 111.
LaTeX Font Info:    Checking defaults for TS1/cmr/m/n on input line 111.
LaTeX Font Info:    ... okay on input line 111.
LaTeX Font Info:    Checking defaults for OMX/cmex/m/n on input line 111.
LaTeX Font Info:    ... okay on input line 111.
LaTeX Font Info:    Checking defaults for U/cmr/m/n on input line 111.
LaTeX Font Info:    ... okay on input line 111.
LaTeX Font Info:    Checking defaults for PD1/pdf/m/n on input line 111.
LaTeX Font Info:    ... okay on input line 111.
LaTeX Font Info:    Checking defaults for PU/pdf/m/n on input line 111.
LaTeX Font Info:    ... okay on input line 111.

(c:/Users/USUARIO/AppData/Roaming/TinyTeX/texmf-dist/tex/latex/epstopdf-pkg/eps
topdf-base.sty
Package: epstopdf-base 2020-01-24 v2.11 Base part for package epstopdf
Package epstopdf-base Info: Redefining graphics rule for `.eps' on input line 4
85.

(c:/Users/USUARIO/AppData/Roaming/TinyTeX/texmf-dist/tex/latex/latexconfig/epst
opdf-sys.cfg
File: epstopdf-sys.cfg 2010/07/13 v1.3 Configuration of (r)epstopdf for TeX Liv
e
))
Package hyperref Info: Link coloring OFF on input line 111.

(c:/Users/USUARIO/AppData/Roaming/TinyTeX/texmf-dist/tex/latex/hyperref/nameref
.sty
Package: nameref 2021-04-02 v2.47 Cross-referencing by name of section

(c:/Users/USUARIO/AppData/Roaming/TinyTeX/texmf-dist/tex/latex/refcount/refcoun
t.sty
Package: refcount 2019/12/15 v3.6 Data extraction from label references (HO)
)
(c:/Users/USUARIO/AppData/Roaming/TinyTeX/texmf-dist/tex/generic/gettitlestring
/gettitlestring.sty
Package: gettitlestring 2019/12/15 v1.6 Cleanup title references (HO)
)
\c@section@level=\count285
)
LaTeX Info: Redefining \ref on input line 111.
LaTeX Info: Redefining \pageref on input line 111.
LaTeX Info: Redefining \nameref on input line 111.
(./report.out) (./report.out)
\@outlinefile=\write4
\openout4 = `report.out'.

*geometry* driver: auto-detecting
*geometry* detected driver: pdftex
*geometry* verbose mode - [ preamble ] result:
* driver: pdftex
* paper: <default>
* layout: <same size as paper>
* layoutoffset:(h,v)=(0.0pt,0.0pt)
* modes: 
* h-part:(L,W,R)=(72.26999pt, 469.75502pt, 72.26999pt)
* v-part:(T,H,B)=(72.26999pt, 650.43001pt, 72.26999pt)
* \paperwidth=614.295pt
* \paperheight=794.96999pt
* \textwidth=469.75502pt
* \textheight=650.43001pt
* \oddsidemargin=0.0pt
* \evensidemargin=0.0pt
* \topmargin=-37.0pt
* \headheight=12.0pt
* \headsep=25.0pt
* \topskip=10.0pt
* \footskip=30.0pt
* \marginparwidth=4.0pt
* \marginparsep=10.0pt
* \columnsep=10.0pt
* \skip\footins=9.0pt plus 4.0pt minus 2.0pt
* \hoffset=0.0pt
* \voffset=0.0pt
* \mag=1000
* \@twocolumntrue
* \@twosidefalse
* \@mparswitchfalse
* \@reversemarginfalse
* (1in=72.27pt=25.4mm, 1cm=28.453pt)

LaTeX Font Info:    Trying to load font information for OT1+lmr on input line 1
13.
(c:/Users/USUARIO/AppData/Roaming/TinyTeX/texmf-dist/tex/latex/lm/ot1lmr.fd
File: ot1lmr.fd 2015/05/01 v1.6.1 Font defs for Latin Modern
)
LaTeX Font Info:    Trying to load font information for OML+lmm on input line 1
13.
(c:/Users/USUARIO/AppData/Roaming/TinyTeX/texmf-dist/tex/latex/lm/omllmm.fd
File: omllmm.fd 2015/05/01 v1.6.1 Font defs for Latin Modern
)
LaTeX Font Info:    Trying to load font information for OMS+lmsy on input line 
113.
(c:/Users/USUARIO/AppData/Roaming/TinyTeX/texmf-dist/tex/latex/lm/omslmsy.fd
File: omslmsy.fd 2015/05/01 v1.6.1 Font defs for Latin Modern
)
LaTeX Font Info:    Trying to load font information for OMX+lmex on input line 
113.
(c:/Users/USUARIO/AppData/Roaming/TinyTeX/texmf-dist/tex/latex/lm/omxlmex.fd
File: omxlmex.fd 2015/05/01 v1.6.1 Font defs for Latin Modern
)
LaTeX Font Info:    External font `lmex10' loaded for size
(Font)              <12> on input line 113.
LaTeX Font Info:    External font `lmex10' loaded for size
(Font)              <8> on input line 113.
LaTeX Font Info:    External font `lmex10' loaded for size
(Font)              <6> on input line 113.
LaTeX Font Info:    Trying to load font information for U+msa on input line 113
.

(c:/Users/USUARIO/AppData/Roaming/TinyTeX/texmf-dist/tex/latex/amsfonts/umsa.fd
File: umsa.fd 2013/01/14 v3.01 AMS symbols A
)
LaTeX Font Info:    Trying to load font information for U+msb on input line 113
.

(c:/Users/USUARIO/AppData/Roaming/TinyTeX/texmf-dist/tex/latex/amsfonts/umsb.fd
File: umsb.fd 2013/01/14 v3.01 AMS symbols B
)
LaTeX Font Info:    Trying to load font information for T1+lmtt on input line 1
23.
(c:/Users/USUARIO/AppData/Roaming/TinyTeX/texmf-dist/tex/latex/lm/t1lmtt.fd
File: t1lmtt.fd 2015/05/01 v1.6.1 Font defs for Latin Modern
)
LaTeX Font Info:    Font shape `T1/lmtt/bx/n' in size <14.4> not available
(Font)              Font shape `T1/lmtt/b/n' tried instead on input line 123.
LaTeX Font Info:    Trying to load font information for TS1+lmtt on input line 
133.
(c:/Users/USUARIO/AppData/Roaming/TinyTeX/texmf-dist/tex/latex/lm/ts1lmtt.fd
File: ts1lmtt.fd 2015/05/01 v1.6.1 Font defs for Latin Modern
)
Underfull \hbox (badness 3179) in paragraph at lines 149--155
[]\T1/lmr/m/n/10 Now, se can save the fre-quen-cies of in-ci-dent
 []

LaTeX Font Info:    Font shape `T1/lmtt/bx/n' in size <12> not available
(Font)              Font shape `T1/lmtt/b/n' tried instead on input line 205.
LaTeX Font Info:    Trying to load font information for TS1+lmr on input line 2
30.
(c:/Users/USUARIO/AppData/Roaming/TinyTeX/texmf-dist/tex/latex/lm/ts1lmr.fd
File: ts1lmr.fd 2015/05/01 v1.6.1 Font defs for Latin Modern
) [1{c:/Users/USUARIO/AppData/Roaming/TinyTeX/texmf-var/fonts/map/pdftex/updmap
/pdftex.map}


]
Overfull \hbox (32.62173pt too wide) in paragraph at lines 271--271
[]\T1/lmtt/m/n/10 ## [1] "P1-1_Thu May 09 07-26-09 2019 (GMT+02-00)"[] 
 []


Overfull \hbox (32.62173pt too wide) in paragraph at lines 271--271
[]\T1/lmtt/m/n/10 ## [2] "P1-2_Thu May 09 07-26-09 2019 (GMT+02-00)"[] 
 []


Overfull \hbox (32.62173pt too wide) in paragraph at lines 271--271
[]\T1/lmtt/m/n/10 ## [3] "P1-3_Thu May 09 07-26-09 2019 (GMT+02-00)"[] 
 []


Overfull \hbox (32.62173pt too wide) in paragraph at lines 271--271
[]\T1/lmtt/m/n/10 ## [4] "P2-1_Thu May 09 07-26-09 2019 (GMT+02-00)"[] 
 []


Overfull \hbox (32.62173pt too wide) in paragraph at lines 271--271
[]\T1/lmtt/m/n/10 ## [5] "P2-2_Thu May 09 07-26-09 2019 (GMT+02-00)"[] 
 []


Overfull \hbox (32.62173pt too wide) in paragraph at lines 271--271
[]\T1/lmtt/m/n/10 ## [6] "P2-3_Thu May 09 07-26-09 2019 (GMT+02-00)"[] 
 []

LaTeX Font Info:    Font shape `T1/lmtt/bx/n' in size <10> not available
(Font)              Font shape `T1/lmtt/b/n' tried instead on input line 314.

LaTeX Font Warning: Font shape `T1/lmtt/bx/it' in size <10> not available
(Font)              Font shape `T1/lmtt/b/sl' tried instead on input line 314.

<report_files/figure-latex/raw data plot-1.pdf, id=79, 469.755pt x 325.215pt>
File: report_files/figure-latex/raw data plot-1.pdf Graphic file (type pdf)
<use report_files/figure-latex/raw data plot-1.pdf>
Package pdftex.def Info: report_files/figure-latex/raw data plot-1.pdf  used on
 input line 356.
(pdftex.def)             Requested size: 229.87375pt x 159.14336pt.
LaTeX Font Info:    External font `lmex10' loaded for size
(Font)              <10> on input line 373.
LaTeX Font Info:    External font `lmex10' loaded for size
(Font)              <7> on input line 373.
LaTeX Font Info:    External font `lmex10' loaded for size
(Font)              <5> on input line 373.
[2]
<report_files/figure-latex/ROI plot-1.pdf, id=90, 469.755pt x 325.215pt>
File: report_files/figure-latex/ROI plot-1.pdf Graphic file (type pdf)
<use report_files/figure-latex/ROI plot-1.pdf>
Package pdftex.def Info: report_files/figure-latex/ROI plot-1.pdf  used on inpu
t line 428.
(pdftex.def)             Requested size: 229.87375pt x 159.14336pt.

Overfull \hbox (195.37126pt too wide) in paragraph at lines 456--456
[]\T1/lmtt/m/n/10 ## 106 Levels: 125 126 127 128 129 130 132 133 134 135 136 13
7 138 139 140 ... P9[] 
 []

[3 <./report_files/figure-latex/raw data plot-1.pdf> <./report_files/figure-lat
ex/ROI plot-1.pdf>]
Underfull \hbox (badness 10000) in paragraph at lines 481--485
[]\T1/lmr/m/n/10 This will find any el-e-ment for the vec-tor
 []


Underfull \hbox (badness 4981) in paragraph at lines 481--485
\T1/lmtt/m/n/10 rownames(spectra.df) \T1/lmr/m/n/10 that matches with the
 []


Underfull \hbox (badness 10000) in paragraph at lines 502--505
[]\T1/lmr/m/n/10 The search will tell us the po-si-tions in
 []


Underfull \hbox (badness 10000) in paragraph at lines 502--505
\T1/lmtt/m/n/10 rownames(spectra.df) \T1/lmr/m/n/10 where where we can
 []


Overfull \hbox (195.37126pt too wide) in paragraph at lines 565--565
[]\T1/lmtt/m/n/10 ## 106 Levels: 125 126 127 128 129 130 132 133 134 135 136 13
7 138 139 140 ... P9[] 
 []


Underfull \hbox (badness 1715) in paragraph at lines 606--612
\T1/lmr/m/n/10 wave num-ber, one af-ter an-other, in each it-er-
 []


Underfull \hbox (badness 1406) in paragraph at lines 606--612
\T1/lmr/m/n/10 a-tion of the loop, or each time \T1/lmtt/m/n/10 j \T1/lmr/m/n/1
0 changes its
 []

[4]
Underfull \hbox (badness 10000) in paragraph at lines 661--665
[]\T1/lmr/m/n/10 So the cal-cu-la-tion will be ap-
 []


Underfull \hbox (badness 10000) in paragraph at lines 661--665
\T1/lmr/m/n/10 plied to \T1/lmtt/m/n/10 range1[index[[1]][1],1]\T1/lmr/m/n/10 ,

 []


Underfull \hbox (badness 10000) in paragraph at lines 661--665
\T1/lmtt/m/n/10 range1[index[[1]][2],1] \T1/lmr/m/n/10 and
 []


Underfull \hbox (badness 2846) in paragraph at lines 661--665
\T1/lmtt/m/n/10 range1[index[[1]][2],1]\T1/lmr/m/n/10 , or rows 1, 2, and
 []

<report_files/figure-latex/plotting the mean-1.pdf, id=117, 469.755pt x 325.215
pt>
File: report_files/figure-latex/plotting the mean-1.pdf Graphic file (type pdf)

<use report_files/figure-latex/plotting the mean-1.pdf>
Package pdftex.def Info: report_files/figure-latex/plotting the mean-1.pdf  use
d on input line 730.
(pdftex.def)             Requested size: 229.87375pt x 159.14336pt.
[5]
<report_files/figure-latex/baseline plot 1-1.pdf, id=126, 469.755pt x 325.215pt
>
File: report_files/figure-latex/baseline plot 1-1.pdf Graphic file (type pdf)
<use report_files/figure-latex/baseline plot 1-1.pdf>
Package pdftex.def Info: report_files/figure-latex/baseline plot 1-1.pdf  used 
on input line 840.
(pdftex.def)             Requested size: 229.87375pt x 159.14336pt.
[6 <./report_files/figure-latex/plotting the mean-1.pdf> <./report_files/figure
-latex/baseline plot 1-1.pdf>]
<report_files/figure-latex/baseline plot 2 bend-1.pdf, id=145, 469.755pt x 325.
215pt>
File: report_files/figure-latex/baseline plot 2 bend-1.pdf Graphic file (type p
df)
<use report_files/figure-latex/baseline plot 2 bend-1.pdf>
Package pdftex.def Info: report_files/figure-latex/baseline plot 2 bend-1.pdf  
used on input line 857.
(pdftex.def)             Requested size: 229.87375pt x 159.14336pt.
<report_files/figure-latex/baseline plot 3 corrected-1.pdf, id=146, 469.755pt x
 325.215pt>
File: report_files/figure-latex/baseline plot 3 corrected-1.pdf Graphic file (t
ype pdf)
<use report_files/figure-latex/baseline plot 3 corrected-1.pdf>
Package pdftex.def Info: report_files/figure-latex/baseline plot 3 corrected-1.
pdf  used on input line 877.
(pdftex.def)             Requested size: 229.87375pt x 159.14336pt.
<report_files/figure-latex/MSC correction plot-1.pdf, id=149, 469.755pt x 325.2
15pt>
File: report_files/figure-latex/MSC correction plot-1.pdf Graphic file (type pd
f)
<use report_files/figure-latex/MSC correction plot-1.pdf>
Package pdftex.def Info: report_files/figure-latex/MSC correction plot-1.pdf  u
sed on input line 941.
(pdftex.def)             Requested size: 229.87375pt x 159.14336pt.
[7 <./report_files/figure-latex/baseline plot 2 bend-1.pdf> <./report_files/fig
ure-latex/baseline plot 3 corrected-1.pdf>]
Overfull \hbox (153.37138pt too wide) in paragraph at lines 974--974
[]\T1/lmtt/m/n/10 ## [1] "sample" "class"  "N %"    "C %"    "Si"     "Ca"     
"Mg"     "P"[] 
 []


Underfull \hbox (badness 10000) in paragraph at lines 987--989
[]\T1/lmtt/m/n/10 N %\T1/lmr/m/n/10 : The ni-tro-gen per-cent quan-ti-fied.
 []


Underfull \hbox (badness 10000) in paragraph at lines 989--991
[]\T1/lmtt/m/n/10 C %\T1/lmr/m/n/10 : The ni-tro-gen per-cent quan-ti-fied.
 []


Underfull \hbox (badness 10000) in paragraph at lines 991--993
[]\T1/lmtt/m/n/10 Si\T1/lmr/m/n/10 : Sil-i-con quan-ti-fied by ICP-OES
 []


Underfull \hbox (badness 10000) in paragraph at lines 993--995
[]\T1/lmtt/m/n/10 Ca\T1/lmr/m/n/10 : Cal-cium quan-ti-fied by ICP-OES
 []


Underfull \hbox (badness 10000) in paragraph at lines 995--997
[]\T1/lmtt/m/n/10 Mg\T1/lmr/m/n/10 : mag-ne-sium quan-ti-fied by ICP-OES
 []


Underfull \hbox (badness 10000) in paragraph at lines 997--998
[]\T1/lmtt/m/n/10 P\T1/lmr/m/n/10 : Phos-pho-rous quan-ti-fied by ICP-OES
 []


Underfull \hbox (badness 3118) in paragraph at lines 1038--1042
\T1/lmr/m/n/10 We can now try to find where in the rows
 []


Underfull \hbox (badness 10000) in paragraph at lines 1038--1042
\T1/lmr/m/n/10 of \T1/lmtt/m/n/10 corrected \T1/lmr/m/n/10 are the sam-ples lis
ted in
 []


Underfull \hbox (badness 1199) in paragraph at lines 1038--1042
\T1/lmr/m/n/10 sam-ple that has quan-tifi-ca-tion and clas-si-fi-ca-tion
 []

[8 <./report_files/figure-latex/MSC correction plot-1.pdf>]
Overfull \hbox (58.87166pt too wide) in paragraph at lines 1128--1128
[]\T1/lmtt/m/n/10 ## Warning: Unknown or uninitialised column: `spectra`.[] 
 []


Overfull \hbox (90.37157pt too wide) in paragraph at lines 1176--1176
[]\T1/lmtt/m/n/10 ## Warning: Unknown or uninitialised column: `spectra.index`.
[] 
 []


Underfull \hbox (badness 2285) in paragraph at lines 1178--1183
[]\T1/lmr/m/n/10 This is an ana-logue pro-cess to that used for
 []


Underfull \hbox (badness 2556) in paragraph at lines 1178--1183
\T1/lmr/m/n/10 sav-ing the names of the spec-tra con-tained in
 []

[9]
Overfull \hbox (184.87129pt too wide) in paragraph at lines 1219--1219
[]\T1/lmtt/m/n/10 ##  [1]  4  5  6 11 12 13 20 21 22 30 31 32 42 43 44 54 55 56
 69 70 71 72 73 74[] 
 []


Overfull \hbox (247.87111pt too wide) in paragraph at lines 1241--1241
[]\T1/lmtt/m/n/10 ##   sample class  `N %` `C %`     Si Ca                 Mg  
   P     spectra spectra.index[] 
 []


Overfull \hbox (247.87111pt too wide) in paragraph at lines 1241--1241
[]\T1/lmtt/m/n/10 ##    <dbl> <chr>  <dbl> <dbl>  <dbl> <chr>              <chr
>  <chr> <chr>           <int>[] 
 []


Overfull \hbox (247.87111pt too wide) in paragraph at lines 1241--1241
[]\T1/lmtt/m/n/10 ## 1    128 W L -   2.05  44.6  2698. 4743.0200000000004 876.
45 666.~ 128                 4[] 
 []


Overfull \hbox (247.87111pt too wide) in paragraph at lines 1241--1241
[]\T1/lmtt/m/n/10 ## 2    129 W L +   2.68  44.4  5348. 4726.84            752.
08 683.~ 129                 5[] 
 []


Overfull \hbox (247.87111pt too wide) in paragraph at lines 1241--1241
[]\T1/lmtt/m/n/10 ## 3    130 W L ++  3.03  44.4  6683. 4738.43            857.
63 1053~ 130                 6[] 
 []


Overfull \hbox (247.87111pt too wide) in paragraph at lines 1241--1241
[]\T1/lmtt/m/n/10 ## 4    135 W L -   2.53  43.4 13842. 4508.18            898.
48 768.~ 135                10[] 
 []


Overfull \hbox (247.87111pt too wide) in paragraph at lines 1241--1241
[]\T1/lmtt/m/n/10 ## 5    136 W L +   1.86  43.4 13444. 3006.45            720.
26 221.~ 136                11[] 
 []


Overfull \hbox (247.87111pt too wide) in paragraph at lines 1241--1241
[]\T1/lmtt/m/n/10 ## 6    137 W L ++  2.19  40.1 41893. 3396.71            738.
38 276.~ 137                12[] 
 []

[10]
<report_files/figure-latex/leaves mean and corrected spectra plot-1.pdf, id=194
, 469.755pt x 325.215pt>
File: report_files/figure-latex/leaves mean and corrected spectra plot-1.pdf Gr
aphic file (type pdf)
<use report_files/figure-latex/leaves mean and corrected spectra plot-1.pdf>
Package pdftex.def Info: report_files/figure-latex/leaves mean and corrected sp
ectra plot-1.pdf  used on input line 1377.
(pdftex.def)             Requested size: 229.87375pt x 159.14336pt.
[11

 <./report_files/figure-latex/leaves mean and corrected spectra plot-1.pdf>] (.
/report.aux)

LaTeX Warning: There were multiply-defined labels.

Package rerunfilecheck Info: File `report.out' has not changed.
(rerunfilecheck)             Checksum: 82A9FC32E838A431E4B57186A48F18DC;2473.
 ) 
Here is how much of TeX's memory you used:
 10727 strings out of 480502
 161395 string characters out of 5897829
 480861 words of memory out of 5000000
 28163 multiletter control sequences out of 15000+600000
 455867 words of font info for 75 fonts, out of 8000000 for 9000
 14 hyphenation exceptions out of 8191
 60i,8n,66p,428b,393s stack positions out of 5000i,500n,10000p,200000b,80000s
{c:/Users/USUARIO/AppData/Roaming/TinyTeX/texmf-dist/fonts/enc/dvips/lm/lm-ec
.enc}{c:/Users/USUARIO/AppData/Roaming/TinyTeX/texmf-dist/fonts/enc/dvips/lm/lm
-mathit.enc}{c:/Users/USUARIO/AppData/Roaming/TinyTeX/texmf-dist/fonts/enc/dvip
s/lm/lm-mathsy.enc}{c:/Users/USUARIO/AppData/Roaming/TinyTeX/texmf-dist/fonts/e
nc/dvips/lm/lm-rm.enc}{c:/Users/USUARIO/AppData/Roaming/TinyTeX/texmf-dist/font
s/enc/dvips/lm/lm-ts1.enc}<c:/Users/USUARIO/AppData/Roaming/TinyTeX/texmf-dist/
fonts/type1/public/lm/lmbx10.pfb><c:/Users/USUARIO/AppData/Roaming/TinyTeX/texm
f-dist/fonts/type1/public/lm/lmbx12.pfb><c:/Users/USUARIO/AppData/Roaming/TinyT
eX/texmf-dist/fonts/type1/public/lm/lmmi10.pfb><c:/Users/USUARIO/AppData/Roamin
g/TinyTeX/texmf-dist/fonts/type1/public/lm/lmmi7.pfb><c:/Users/USUARIO/AppData/
Roaming/TinyTeX/texmf-dist/fonts/type1/public/lm/lmr10.pfb><c:/Users/USUARIO/Ap
pData/Roaming/TinyTeX/texmf-dist/fonts/type1/public/lm/lmr12.pfb><c:/Users/USUA
RIO/AppData/Roaming/TinyTeX/texmf-dist/fonts/type1/public/lm/lmr17.pfb><c:/User
s/USUARIO/AppData/Roaming/TinyTeX/texmf-dist/fonts/type1/public/lm/lmr7.pfb><c:
/Users/USUARIO/AppData/Roaming/TinyTeX/texmf-dist/fonts/type1/public/lm/lmri10.
pfb><c:/Users/USUARIO/AppData/Roaming/TinyTeX/texmf-dist/fonts/type1/public/lm/
lmsy10.pfb><c:/Users/USUARIO/AppData/Roaming/TinyTeX/texmf-dist/fonts/type1/pub
lic/lm/lmsy7.pfb><c:/Users/USUARIO/AppData/Roaming/TinyTeX/texmf-dist/fonts/typ
e1/public/lm/lmtk10.pfb><c:/Users/USUARIO/AppData/Roaming/TinyTeX/texmf-dist/fo
nts/type1/public/lm/lmtko10.pfb><c:/Users/USUARIO/AppData/Roaming/TinyTeX/texmf
-dist/fonts/type1/public/lm/lmtt10.pfb><c:/Users/USUARIO/AppData/Roaming/TinyTe
X/texmf-dist/fonts/type1/public/lm/lmtti10.pfb>
Output written on report.pdf (11 pages, 5109349 bytes).
PDF statistics:
 295 PDF objects out of 1000 (max. 8388607)
 229 compressed objects within 3 object streams
 48 named destinations out of 1000 (max. 500000)
 153 words of extra memory for PDF output out of 10000 (max. 10000000)

